c:\users\steve\documents\uni\git\game\vs\consolenspiel\consolenspiel\x64\debug\consolenspiel.pch
c:\users\steve\documents\uni\git\game\vs\consolenspiel\consolenspiel\x64\debug\vc141.pdb
c:\users\steve\documents\uni\git\game\vs\consolenspiel\consolenspiel\x64\debug\vc141.idb
c:\users\steve\documents\uni\git\game\vs\consolenspiel\consolenspiel\x64\debug\pch.obj
c:\users\steve\documents\uni\git\game\vs\consolenspiel\consolenspiel\x64\debug\textbuffer.obj
c:\users\steve\documents\uni\git\game\vs\consolenspiel\consolenspiel\x64\debug\consolenspiel.obj
c:\users\steve\documents\uni\git\game\vs\consolenspiel\consolenspiel\x64\debug\player.obj
c:\users\steve\documents\uni\git\game\vs\consolenspiel\consolenspiel\x64\debug\figure.obj
c:\users\steve\documents\uni\git\game\vs\consolenspiel\x64\debug\consolenspiel.exe
c:\users\steve\documents\uni\git\game\vs\consolenspiel\x64\debug\consolenspiel.ilk
c:\users\steve\documents\uni\git\game\vs\consolenspiel\x64\debug\consolenspiel.pdb
c:\users\steve\documents\uni\git\game\vs\consolenspiel\consolenspiel\x64\debug\consolenspiel.tlog\cl.command.1.tlog
c:\users\steve\documents\uni\git\game\vs\consolenspiel\consolenspiel\x64\debug\consolenspiel.tlog\cl.read.1.tlog
c:\users\steve\documents\uni\git\game\vs\consolenspiel\consolenspiel\x64\debug\consolenspiel.tlog\cl.write.1.tlog
c:\users\steve\documents\uni\git\game\vs\consolenspiel\consolenspiel\x64\debug\consolenspiel.tlog\link.25668-cvtres.read.1.tlog
c:\users\steve\documents\uni\git\game\vs\consolenspiel\consolenspiel\x64\debug\consolenspiel.tlog\link.25668-cvtres.write.1.tlog
c:\users\steve\documents\uni\git\game\vs\consolenspiel\consolenspiel\x64\debug\consolenspiel.tlog\link.25668-rc.read.1.tlog
c:\users\steve\documents\uni\git\game\vs\consolenspiel\consolenspiel\x64\debug\consolenspiel.tlog\link.25668-rc.write.1.tlog
c:\users\steve\documents\uni\git\game\vs\consolenspiel\consolenspiel\x64\debug\consolenspiel.tlog\link.25668.read.1.tlog
c:\users\steve\documents\uni\git\game\vs\consolenspiel\consolenspiel\x64\debug\consolenspiel.tlog\link.25668.write.1.tlog
c:\users\steve\documents\uni\git\game\vs\consolenspiel\consolenspiel\x64\debug\consolenspiel.tlog\link.command.1.tlog
c:\users\steve\documents\uni\git\game\vs\consolenspiel\consolenspiel\x64\debug\consolenspiel.tlog\link.read.1.tlog
c:\users\steve\documents\uni\git\game\vs\consolenspiel\consolenspiel\x64\debug\consolenspiel.tlog\link.write.1.tlog
